{"numFailedTestSuites":1,"numFailedTests":3,"numPassedTestSuites":0,"numPassedTests":0,"numPendingTestSuites":0,"numPendingTests":0,"numRuntimeErrorTestSuites":0,"numTodoTests":0,"numTotalTestSuites":1,"numTotalTests":3,"openHandles":[],"snapshot":{"added":0,"didUpdate":false,"failure":false,"filesAdded":0,"filesRemoved":0,"filesRemovedList":[],"filesUnmatched":0,"filesUpdated":0,"matched":0,"total":0,"unchecked":0,"uncheckedKeysByFile":[],"unmatched":0,"updated":0},"startTime":1776012933798,"success":false,"testResults":[{"assertionResults":[{"ancestorTitles":["property import upload routes (DB-backed)"],"duration":480,"failureDetails":[{"name":"TSError","diagnosticText":"\u001b[96msrc/routes/property-import-upload.routes.ts\u001b[0m:\u001b[93m94\u001b[0m:\u001b[93m9\u001b[0m - \u001b[91merror\u001b[0m\u001b[90m TS2322: \u001b[0mType 'Buffer<ArrayBufferLike>' is not assignable to type 'Uint8Array<ArrayBuffer>'.\n  Types of property 'buffer' are incompatible.\n    Type 'ArrayBufferLike' is not assignable to type 'ArrayBuffer'.\n      Type 'SharedArrayBuffer' is not assignable to type 'ArrayBuffer'.\n        Types of property '[Symbol.toStringTag]' are incompatible.\n          Type '\"SharedArrayBuffer\"' is not assignable to type '\"ArrayBuffer\"'.\n\n\u001b[7m94\u001b[0m         bytes,\n\u001b[7m  \u001b[0m \u001b[91m        ~~~~~\u001b[0m\n\n  \u001b[96mnode_modules/.prisma/client/index.d.ts\u001b[0m:\u001b[93m35678\u001b[0m:\u001b[93m5\u001b[0m\n    \u001b[7m35678\u001b[0m     bytes: Bytes\n    \u001b[7m     \u001b[0m \u001b[96m    ~~~~~\u001b[0m\n    The expected type comes from property 'bytes' which is declared here on type '(Without<PropertyImportMediaBlobCreateInput, PropertyImportMediaBlobUncheckedCreateInput> & PropertyImportMediaBlobUncheckedCreateInput) | (Without<...> & PropertyImportMediaBlobCreateInput)'\n","diagnosticCodes":[2322]}],"failureMessages":[""],"fullName":"property import upload routes (DB-backed) uploads bytes and marks media as uploaded","invocations":1,"location":null,"numPassingAsserts":0,"retryReasons":[],"status":"failed","title":"uploads bytes and marks media as uploaded"},{"ancestorTitles":["property import upload routes (DB-backed)"],"duration":19,"failureDetails":[{"name":"TSError","diagnosticText":"\u001b[96msrc/routes/property-import-upload.routes.ts\u001b[0m:\u001b[93m94\u001b[0m:\u001b[93m9\u001b[0m - \u001b[91merror\u001b[0m\u001b[90m TS2322: \u001b[0mType 'Buffer<ArrayBufferLike>' is not assignable to type 'Uint8Array<ArrayBuffer>'.\n  Types of property 'buffer' are incompatible.\n    Type 'ArrayBufferLike' is not assignable to type 'ArrayBuffer'.\n      Type 'SharedArrayBuffer' is not assignable to type 'ArrayBuffer'.\n        Types of property '[Symbol.toStringTag]' are incompatible.\n          Type '\"SharedArrayBuffer\"' is not assignable to type '\"ArrayBuffer\"'.\n\n\u001b[7m94\u001b[0m         bytes,\n\u001b[7m  \u001b[0m \u001b[91m        ~~~~~\u001b[0m\n\n  \u001b[96mnode_modules/.prisma/client/index.d.ts\u001b[0m:\u001b[93m35678\u001b[0m:\u001b[93m5\u001b[0m\n    \u001b[7m35678\u001b[0m     bytes: Bytes\n    \u001b[7m     \u001b[0m \u001b[96m    ~~~~~\u001b[0m\n    The expected type comes from property 'bytes' which is declared here on type '(Without<PropertyImportMediaBlobCreateInput, PropertyImportMediaBlobUncheckedCreateInput> & PropertyImportMediaBlobUncheckedCreateInput) | (Without<...> & PropertyImportMediaBlobCreateInput)'\n","diagnosticCodes":[2322]}],"failureMessages":[""],"fullName":"property import upload routes (DB-backed) returns 409 when token is not DB-backed","invocations":1,"location":null,"numPassingAsserts":0,"retryReasons":[],"status":"failed","title":"returns 409 when token is not DB-backed"},{"ancestorTitles":["property import upload routes (DB-backed)"],"duration":15,"failureDetails":[{"name":"TSError","diagnosticText":"\u001b[96msrc/routes/property-import-upload.routes.ts\u001b[0m:\u001b[93m94\u001b[0m:\u001b[93m9\u001b[0m - \u001b[91merror\u001b[0m\u001b[90m TS2322: \u001b[0mType 'Buffer<ArrayBufferLike>' is not assignable to type 'Uint8Array<ArrayBuffer>'.\n  Types of property 'buffer' are incompatible.\n    Type 'ArrayBufferLike' is not assignable to type 'ArrayBuffer'.\n      Type 'SharedArrayBuffer' is not assignable to type 'ArrayBuffer'.\n        Types of property '[Symbol.toStringTag]' are incompatible.\n          Type '\"SharedArrayBuffer\"' is not assignable to type '\"ArrayBuffer\"'.\n\n\u001b[7m94\u001b[0m         bytes,\n\u001b[7m  \u001b[0m \u001b[91m        ~~~~~\u001b[0m\n\n  \u001b[96mnode_modules/.prisma/client/index.d.ts\u001b[0m:\u001b[93m35678\u001b[0m:\u001b[93m5\u001b[0m\n    \u001b[7m35678\u001b[0m     bytes: Bytes\n    \u001b[7m     \u001b[0m \u001b[96m    ~~~~~\u001b[0m\n    The expected type comes from property 'bytes' which is declared here on type '(Without<PropertyImportMediaBlobCreateInput, PropertyImportMediaBlobUncheckedCreateInput> & PropertyImportMediaBlobUncheckedCreateInput) | (Without<...> & PropertyImportMediaBlobCreateInput)'\n","diagnosticCodes":[2322]}],"failureMessages":[""],"fullName":"property import upload routes (DB-backed) self-heals when blob table is missing and retries upload","invocations":1,"location":null,"numPassingAsserts":0,"retryReasons":[],"status":"failed","title":"self-heals when blob table is missing and retries upload"}],"endTime":1776012937434,"message":"\u001b[1m\u001b[31m  \u001b[1m● \u001b[22m\u001b[1mproperty import upload routes (DB-backed) › uploads bytes and marks media as uploaded\u001b[39m\u001b[22m\n\n\n\u001b[2m\u001b[22m\n\u001b[2m\u001b[22m\n\n\u001b[1m\u001b[31m  \u001b[1m● \u001b[22m\u001b[1mproperty import upload routes (DB-backed) › returns 409 when token is not DB-backed\u001b[39m\u001b[22m\n\n\n\u001b[2m\u001b[22m\n\u001b[2m\u001b[22m\n\n\u001b[1m\u001b[31m  \u001b[1m● \u001b[22m\u001b[1mproperty import upload routes (DB-backed) › self-heals when blob table is missing and retries upload\u001b[39m\u001b[22m\n\n\n\u001b[2m\u001b[22m\n\u001b[2m\u001b[22m\n","name":"D:\\Investo\\backend\\src\\tests\\unit\\property-import-upload.routes.test.ts","startTime":1776012934087,"status":"failed","summary":""}],"wasInterrupted":false}
