{"numFailedTestSuites":1,"numFailedTests":7,"numPassedTestSuites":0,"numPassedTests":0,"numPendingTestSuites":0,"numPendingTests":0,"numRuntimeErrorTestSuites":0,"numTodoTests":0,"numTotalTestSuites":1,"numTotalTests":7,"openHandles":[],"snapshot":{"added":0,"didUpdate":false,"failure":false,"filesAdded":0,"filesRemoved":0,"filesRemovedList":[],"filesUnmatched":0,"filesUpdated":0,"matched":0,"total":0,"unchecked":0,"uncheckedKeysByFile":[],"unmatched":0,"updated":0},"startTime":1778256968307,"success":false,"testResults":[{"assertionResults":[{"ancestorTitles":["WhatsApp webhook security (production)"],"duration":784,"failureDetails":[{"name":"TSError","diagnosticText":"\u001b[96msrc/routes/webhook.routes.ts\u001b[0m:\u001b[93m583\u001b[0m:\u001b[93m75\u001b[0m - \u001b[91merror\u001b[0m\u001b[90m TS2872: \u001b[0mThis kind of expression is always truthy.\n\n\u001b[7m583\u001b[0m       ? await (await import('../config/prisma')).default.message.findMany({\n\u001b[7m   \u001b[0m \u001b[91m                                                                          ~\u001b[0m\n\u001b[96msrc/routes/webhook.routes.ts\u001b[0m:\u001b[93m583\u001b[0m:\u001b[93m75\u001b[0m - \u001b[91merror\u001b[0m\u001b[90m TS2559: \u001b[0mType '{ id: string; status: MessageStatus; createdAt: Date; language: string; conversationId: string; senderType: SenderType; content: string; whatsappMessageId: string; }[]' has no properties in common with type '{ select?: MessageSelect<DefaultArgs>; omit?: MessageOmit<DefaultArgs>; include?: MessageInclude<DefaultArgs>; ... 5 more ...; distinct?: MessageScalarFieldEnum | MessageScalarFieldEnum[]; }'.\n\n\u001b[7m583\u001b[0m       ? await (await import('../config/prisma')).default.message.findMany({\n\u001b[7m   \u001b[0m \u001b[91m                                                                          ~\u001b[0m\n\u001b[7m584\u001b[0m       ? await prisma.message.findMany({\n\u001b[7m   \u001b[0m \u001b[91m~~~~~~~~~~~~~~~~~~~~~~~~~~~~~~~~~~~~~~~\u001b[0m\n\u001b[7m...\u001b[0m \n\u001b[7m588\u001b[0m         })\n\u001b[7m   \u001b[0m \u001b[91m~~~~~~~~~~\u001b[0m\n\u001b[7m589\u001b[0m       : [];\n\u001b[7m   \u001b[0m \u001b[91m~~~~~~~~~~\u001b[0m\n\u001b[96msrc/routes/webhook.routes.ts\u001b[0m:\u001b[93m584\u001b[0m:\u001b[93m7\u001b[0m - \u001b[91merror\u001b[0m\u001b[90m TS1136: \u001b[0mProperty assignment expected.\n\n\u001b[7m584\u001b[0m       ? await prisma.message.findMany({\n\u001b[7m   \u001b[0m \u001b[91m      ~\u001b[0m\n\u001b[96msrc/routes/webhook.routes.ts\u001b[0m:\u001b[93m589\u001b[0m:\u001b[93m11\u001b[0m - \u001b[91merror\u001b[0m\u001b[90m TS1005: \u001b[0m')' expected.\n\n\u001b[7m589\u001b[0m       : [];\n\u001b[7m   \u001b[0m \u001b[91m          ~\u001b[0m\n","diagnosticCodes":[2872,2559,1136,1005]}],"failureMessages":[""],"fullName":"WhatsApp webhook security (production) GET verification echoes challenge when token matches and IP is allowed","invocations":1,"location":null,"numPassingAsserts":0,"retryReasons":[],"status":"failed","title":"GET verification echoes challenge when token matches and IP is allowed"},{"ancestorTitles":["WhatsApp webhook security (production)"],"duration":58,"failureDetails":[{"name":"TSError","diagnosticText":"\u001b[96msrc/routes/webhook.routes.ts\u001b[0m:\u001b[93m583\u001b[0m:\u001b[93m75\u001b[0m - \u001b[91merror\u001b[0m\u001b[90m TS2872: \u001b[0mThis kind of expression is always truthy.\n\n\u001b[7m583\u001b[0m       ? await (await import('../config/prisma')).default.message.findMany({\n\u001b[7m   \u001b[0m \u001b[91m                                                                          ~\u001b[0m\n\u001b[96msrc/routes/webhook.routes.ts\u001b[0m:\u001b[93m583\u001b[0m:\u001b[93m75\u001b[0m - \u001b[91merror\u001b[0m\u001b[90m TS2559: \u001b[0mType '{ id: string; status: MessageStatus; createdAt: Date; language: string; conversationId: string; senderType: SenderType; content: string; whatsappMessageId: string; }[]' has no properties in common with type '{ select?: MessageSelect<DefaultArgs>; omit?: MessageOmit<DefaultArgs>; include?: MessageInclude<DefaultArgs>; ... 5 more ...; distinct?: MessageScalarFieldEnum | MessageScalarFieldEnum[]; }'.\n\n\u001b[7m583\u001b[0m       ? await (await import('../config/prisma')).default.message.findMany({\n\u001b[7m   \u001b[0m \u001b[91m                                                                          ~\u001b[0m\n\u001b[7m584\u001b[0m       ? await prisma.message.findMany({\n\u001b[7m   \u001b[0m \u001b[91m~~~~~~~~~~~~~~~~~~~~~~~~~~~~~~~~~~~~~~~\u001b[0m\n\u001b[7m...\u001b[0m \n\u001b[7m588\u001b[0m         })\n\u001b[7m   \u001b[0m \u001b[91m~~~~~~~~~~\u001b[0m\n\u001b[7m589\u001b[0m       : [];\n\u001b[7m   \u001b[0m \u001b[91m~~~~~~~~~~\u001b[0m\n\u001b[96msrc/routes/webhook.routes.ts\u001b[0m:\u001b[93m584\u001b[0m:\u001b[93m7\u001b[0m - \u001b[91merror\u001b[0m\u001b[90m TS1136: \u001b[0mProperty assignment expected.\n\n\u001b[7m584\u001b[0m       ? await prisma.message.findMany({\n\u001b[7m   \u001b[0m \u001b[91m      ~\u001b[0m\n\u001b[96msrc/routes/webhook.routes.ts\u001b[0m:\u001b[93m589\u001b[0m:\u001b[93m11\u001b[0m - \u001b[91merror\u001b[0m\u001b[90m TS1005: \u001b[0m')' expected.\n\n\u001b[7m589\u001b[0m       : [];\n\u001b[7m   \u001b[0m \u001b[91m          ~\u001b[0m\n","diagnosticCodes":[2872,2559,1136,1005]}],"failureMessages":[""],"fullName":"WhatsApp webhook security (production) GET verification rejects when token mismatches (even from allowed IP)","invocations":1,"location":null,"numPassingAsserts":0,"retryReasons":[],"status":"failed","title":"GET verification rejects when token mismatches (even from allowed IP)"},{"ancestorTitles":["WhatsApp webhook security (production)"],"duration":40,"failureDetails":[{"name":"TSError","diagnosticText":"\u001b[96msrc/routes/webhook.routes.ts\u001b[0m:\u001b[93m583\u001b[0m:\u001b[93m75\u001b[0m - \u001b[91merror\u001b[0m\u001b[90m TS2872: \u001b[0mThis kind of expression is always truthy.\n\n\u001b[7m583\u001b[0m       ? await (await import('../config/prisma')).default.message.findMany({\n\u001b[7m   \u001b[0m \u001b[91m                                                                          ~\u001b[0m\n\u001b[96msrc/routes/webhook.routes.ts\u001b[0m:\u001b[93m583\u001b[0m:\u001b[93m75\u001b[0m - \u001b[91merror\u001b[0m\u001b[90m TS2559: \u001b[0mType '{ id: string; status: MessageStatus; createdAt: Date; language: string; conversationId: string; senderType: SenderType; content: string; whatsappMessageId: string; }[]' has no properties in common with type '{ select?: MessageSelect<DefaultArgs>; omit?: MessageOmit<DefaultArgs>; include?: MessageInclude<DefaultArgs>; ... 5 more ...; distinct?: MessageScalarFieldEnum | MessageScalarFieldEnum[]; }'.\n\n\u001b[7m583\u001b[0m       ? await (await import('../config/prisma')).default.message.findMany({\n\u001b[7m   \u001b[0m \u001b[91m                                                                          ~\u001b[0m\n\u001b[7m584\u001b[0m       ? await prisma.message.findMany({\n\u001b[7m   \u001b[0m \u001b[91m~~~~~~~~~~~~~~~~~~~~~~~~~~~~~~~~~~~~~~~\u001b[0m\n\u001b[7m...\u001b[0m \n\u001b[7m588\u001b[0m         })\n\u001b[7m   \u001b[0m \u001b[91m~~~~~~~~~~\u001b[0m\n\u001b[7m589\u001b[0m       : [];\n\u001b[7m   \u001b[0m \u001b[91m~~~~~~~~~~\u001b[0m\n\u001b[96msrc/routes/webhook.routes.ts\u001b[0m:\u001b[93m584\u001b[0m:\u001b[93m7\u001b[0m - \u001b[91merror\u001b[0m\u001b[90m TS1136: \u001b[0mProperty assignment expected.\n\n\u001b[7m584\u001b[0m       ? await prisma.message.findMany({\n\u001b[7m   \u001b[0m \u001b[91m      ~\u001b[0m\n\u001b[96msrc/routes/webhook.routes.ts\u001b[0m:\u001b[93m589\u001b[0m:\u001b[93m11\u001b[0m - \u001b[91merror\u001b[0m\u001b[90m TS1005: \u001b[0m')' expected.\n\n\u001b[7m589\u001b[0m       : [];\n\u001b[7m   \u001b[0m \u001b[91m          ~\u001b[0m\n","diagnosticCodes":[2872,2559,1136,1005]}],"failureMessages":[""],"fullName":"WhatsApp webhook security (production) GET verification is blocked by IP whitelist when enabled","invocations":1,"location":null,"numPassingAsserts":0,"retryReasons":[],"status":"failed","title":"GET verification is blocked by IP whitelist when enabled"},{"ancestorTitles":["WhatsApp webhook security (production)"],"duration":34,"failureDetails":[{"name":"TSError","diagnosticText":"\u001b[96msrc/routes/webhook.routes.ts\u001b[0m:\u001b[93m583\u001b[0m:\u001b[93m75\u001b[0m - \u001b[91merror\u001b[0m\u001b[90m TS2872: \u001b[0mThis kind of expression is always truthy.\n\n\u001b[7m583\u001b[0m       ? await (await import('../config/prisma')).default.message.findMany({\n\u001b[7m   \u001b[0m \u001b[91m                                                                          ~\u001b[0m\n\u001b[96msrc/routes/webhook.routes.ts\u001b[0m:\u001b[93m583\u001b[0m:\u001b[93m75\u001b[0m - \u001b[91merror\u001b[0m\u001b[90m TS2559: \u001b[0mType '{ id: string; status: MessageStatus; createdAt: Date; language: string; conversationId: string; senderType: SenderType; content: string; whatsappMessageId: string; }[]' has no properties in common with type '{ select?: MessageSelect<DefaultArgs>; omit?: MessageOmit<DefaultArgs>; include?: MessageInclude<DefaultArgs>; ... 5 more ...; distinct?: MessageScalarFieldEnum | MessageScalarFieldEnum[]; }'.\n\n\u001b[7m583\u001b[0m       ? await (await import('../config/prisma')).default.message.findMany({\n\u001b[7m   \u001b[0m \u001b[91m                                                                          ~\u001b[0m\n\u001b[7m584\u001b[0m       ? await prisma.message.findMany({\n\u001b[7m   \u001b[0m \u001b[91m~~~~~~~~~~~~~~~~~~~~~~~~~~~~~~~~~~~~~~~\u001b[0m\n\u001b[7m...\u001b[0m \n\u001b[7m588\u001b[0m         })\n\u001b[7m   \u001b[0m \u001b[91m~~~~~~~~~~\u001b[0m\n\u001b[7m589\u001b[0m       : [];\n\u001b[7m   \u001b[0m \u001b[91m~~~~~~~~~~\u001b[0m\n\u001b[96msrc/routes/webhook.routes.ts\u001b[0m:\u001b[93m584\u001b[0m:\u001b[93m7\u001b[0m - \u001b[91merror\u001b[0m\u001b[90m TS1136: \u001b[0mProperty assignment expected.\n\n\u001b[7m584\u001b[0m       ? await prisma.message.findMany({\n\u001b[7m   \u001b[0m \u001b[91m      ~\u001b[0m\n\u001b[96msrc/routes/webhook.routes.ts\u001b[0m:\u001b[93m589\u001b[0m:\u001b[93m11\u001b[0m - \u001b[91merror\u001b[0m\u001b[90m TS1005: \u001b[0m')' expected.\n\n\u001b[7m589\u001b[0m       : [];\n\u001b[7m   \u001b[0m \u001b[91m          ~\u001b[0m\n","diagnosticCodes":[2872,2559,1136,1005]}],"failureMessages":[""],"fullName":"WhatsApp webhook security (production) POST accepts valid signature computed over raw JSON body (whitespace tolerant)","invocations":1,"location":null,"numPassingAsserts":0,"retryReasons":[],"status":"failed","title":"POST accepts valid signature computed over raw JSON body (whitespace tolerant)"},{"ancestorTitles":["WhatsApp webhook security (production)"],"duration":37,"failureDetails":[{"name":"TSError","diagnosticText":"\u001b[96msrc/routes/webhook.routes.ts\u001b[0m:\u001b[93m583\u001b[0m:\u001b[93m75\u001b[0m - \u001b[91merror\u001b[0m\u001b[90m TS2872: \u001b[0mThis kind of expression is always truthy.\n\n\u001b[7m583\u001b[0m       ? await (await import('../config/prisma')).default.message.findMany({\n\u001b[7m   \u001b[0m \u001b[91m                                                                          ~\u001b[0m\n\u001b[96msrc/routes/webhook.routes.ts\u001b[0m:\u001b[93m583\u001b[0m:\u001b[93m75\u001b[0m - \u001b[91merror\u001b[0m\u001b[90m TS2559: \u001b[0mType '{ id: string; status: MessageStatus; createdAt: Date; language: string; conversationId: string; senderType: SenderType; content: string; whatsappMessageId: string; }[]' has no properties in common with type '{ select?: MessageSelect<DefaultArgs>; omit?: MessageOmit<DefaultArgs>; include?: MessageInclude<DefaultArgs>; ... 5 more ...; distinct?: MessageScalarFieldEnum | MessageScalarFieldEnum[]; }'.\n\n\u001b[7m583\u001b[0m       ? await (await import('../config/prisma')).default.message.findMany({\n\u001b[7m   \u001b[0m \u001b[91m                                                                          ~\u001b[0m\n\u001b[7m584\u001b[0m       ? await prisma.message.findMany({\n\u001b[7m   \u001b[0m \u001b[91m~~~~~~~~~~~~~~~~~~~~~~~~~~~~~~~~~~~~~~~\u001b[0m\n\u001b[7m...\u001b[0m \n\u001b[7m588\u001b[0m         })\n\u001b[7m   \u001b[0m \u001b[91m~~~~~~~~~~\u001b[0m\n\u001b[7m589\u001b[0m       : [];\n\u001b[7m   \u001b[0m \u001b[91m~~~~~~~~~~\u001b[0m\n\u001b[96msrc/routes/webhook.routes.ts\u001b[0m:\u001b[93m584\u001b[0m:\u001b[93m7\u001b[0m - \u001b[91merror\u001b[0m\u001b[90m TS1136: \u001b[0mProperty assignment expected.\n\n\u001b[7m584\u001b[0m       ? await prisma.message.findMany({\n\u001b[7m   \u001b[0m \u001b[91m      ~\u001b[0m\n\u001b[96msrc/routes/webhook.routes.ts\u001b[0m:\u001b[93m589\u001b[0m:\u001b[93m11\u001b[0m - \u001b[91merror\u001b[0m\u001b[90m TS1005: \u001b[0m')' expected.\n\n\u001b[7m589\u001b[0m       : [];\n\u001b[7m   \u001b[0m \u001b[91m          ~\u001b[0m\n","diagnosticCodes":[2872,2559,1136,1005]}],"failureMessages":[""],"fullName":"WhatsApp webhook security (production) POST rejects invalid signature in production","invocations":1,"location":null,"numPassingAsserts":0,"retryReasons":[],"status":"failed","title":"POST rejects invalid signature in production"},{"ancestorTitles":["WhatsApp webhook security (production)"],"duration":31,"failureDetails":[{"name":"TSError","diagnosticText":"\u001b[96msrc/routes/webhook.routes.ts\u001b[0m:\u001b[93m583\u001b[0m:\u001b[93m75\u001b[0m - \u001b[91merror\u001b[0m\u001b[90m TS2872: \u001b[0mThis kind of expression is always truthy.\n\n\u001b[7m583\u001b[0m       ? await (await import('../config/prisma')).default.message.findMany({\n\u001b[7m   \u001b[0m \u001b[91m                                                                          ~\u001b[0m\n\u001b[96msrc/routes/webhook.routes.ts\u001b[0m:\u001b[93m583\u001b[0m:\u001b[93m75\u001b[0m - \u001b[91merror\u001b[0m\u001b[90m TS2559: \u001b[0mType '{ id: string; status: MessageStatus; createdAt: Date; language: string; conversationId: string; senderType: SenderType; content: string; whatsappMessageId: string; }[]' has no properties in common with type '{ select?: MessageSelect<DefaultArgs>; omit?: MessageOmit<DefaultArgs>; include?: MessageInclude<DefaultArgs>; ... 5 more ...; distinct?: MessageScalarFieldEnum | MessageScalarFieldEnum[]; }'.\n\n\u001b[7m583\u001b[0m       ? await (await import('../config/prisma')).default.message.findMany({\n\u001b[7m   \u001b[0m \u001b[91m                                                                          ~\u001b[0m\n\u001b[7m584\u001b[0m       ? await prisma.message.findMany({\n\u001b[7m   \u001b[0m \u001b[91m~~~~~~~~~~~~~~~~~~~~~~~~~~~~~~~~~~~~~~~\u001b[0m\n\u001b[7m...\u001b[0m \n\u001b[7m588\u001b[0m         })\n\u001b[7m   \u001b[0m \u001b[91m~~~~~~~~~~\u001b[0m\n\u001b[7m589\u001b[0m       : [];\n\u001b[7m   \u001b[0m \u001b[91m~~~~~~~~~~\u001b[0m\n\u001b[96msrc/routes/webhook.routes.ts\u001b[0m:\u001b[93m584\u001b[0m:\u001b[93m7\u001b[0m - \u001b[91merror\u001b[0m\u001b[90m TS1136: \u001b[0mProperty assignment expected.\n\n\u001b[7m584\u001b[0m       ? await prisma.message.findMany({\n\u001b[7m   \u001b[0m \u001b[91m      ~\u001b[0m\n\u001b[96msrc/routes/webhook.routes.ts\u001b[0m:\u001b[93m589\u001b[0m:\u001b[93m11\u001b[0m - \u001b[91merror\u001b[0m\u001b[90m TS1005: \u001b[0m')' expected.\n\n\u001b[7m589\u001b[0m       : [];\n\u001b[7m   \u001b[0m \u001b[91m          ~\u001b[0m\n","diagnosticCodes":[2872,2559,1136,1005]}],"failureMessages":[""],"fullName":"WhatsApp webhook security (production) POST rejects missing signature in production","invocations":1,"location":null,"numPassingAsserts":0,"retryReasons":[],"status":"failed","title":"POST rejects missing signature in production"},{"ancestorTitles":["WhatsApp webhook security (production)"],"duration":36,"failureDetails":[{"name":"TSError","diagnosticText":"\u001b[96msrc/routes/webhook.routes.ts\u001b[0m:\u001b[93m583\u001b[0m:\u001b[93m75\u001b[0m - \u001b[91merror\u001b[0m\u001b[90m TS2872: \u001b[0mThis kind of expression is always truthy.\n\n\u001b[7m583\u001b[0m       ? await (await import('../config/prisma')).default.message.findMany({\n\u001b[7m   \u001b[0m \u001b[91m                                                                          ~\u001b[0m\n\u001b[96msrc/routes/webhook.routes.ts\u001b[0m:\u001b[93m583\u001b[0m:\u001b[93m75\u001b[0m - \u001b[91merror\u001b[0m\u001b[90m TS2559: \u001b[0mType '{ id: string; status: MessageStatus; createdAt: Date; language: string; conversationId: string; senderType: SenderType; content: string; whatsappMessageId: string; }[]' has no properties in common with type '{ select?: MessageSelect<DefaultArgs>; omit?: MessageOmit<DefaultArgs>; include?: MessageInclude<DefaultArgs>; ... 5 more ...; distinct?: MessageScalarFieldEnum | MessageScalarFieldEnum[]; }'.\n\n\u001b[7m583\u001b[0m       ? await (await import('../config/prisma')).default.message.findMany({\n\u001b[7m   \u001b[0m \u001b[91m                                                                          ~\u001b[0m\n\u001b[7m584\u001b[0m       ? await prisma.message.findMany({\n\u001b[7m   \u001b[0m \u001b[91m~~~~~~~~~~~~~~~~~~~~~~~~~~~~~~~~~~~~~~~\u001b[0m\n\u001b[7m...\u001b[0m \n\u001b[7m588\u001b[0m         })\n\u001b[7m   \u001b[0m \u001b[91m~~~~~~~~~~\u001b[0m\n\u001b[7m589\u001b[0m       : [];\n\u001b[7m   \u001b[0m \u001b[91m~~~~~~~~~~\u001b[0m\n\u001b[96msrc/routes/webhook.routes.ts\u001b[0m:\u001b[93m584\u001b[0m:\u001b[93m7\u001b[0m - \u001b[91merror\u001b[0m\u001b[90m TS1136: \u001b[0mProperty assignment expected.\n\n\u001b[7m584\u001b[0m       ? await prisma.message.findMany({\n\u001b[7m   \u001b[0m \u001b[91m      ~\u001b[0m\n\u001b[96msrc/routes/webhook.routes.ts\u001b[0m:\u001b[93m589\u001b[0m:\u001b[93m11\u001b[0m - \u001b[91merror\u001b[0m\u001b[90m TS1005: \u001b[0m')' expected.\n\n\u001b[7m589\u001b[0m       : [];\n\u001b[7m   \u001b[0m \u001b[91m          ~\u001b[0m\n","diagnosticCodes":[2872,2559,1136,1005]}],"failureMessages":[""],"fullName":"WhatsApp webhook security (production) POST rejects when WHATSAPP_APP_SECRET is missing in production","invocations":1,"location":null,"numPassingAsserts":0,"retryReasons":[],"status":"failed","title":"POST rejects when WHATSAPP_APP_SECRET is missing in production"}],"endTime":1778256974170,"message":"  ● WhatsApp webhook security (production) › GET verification echoes challenge when token matches and IP is allowed\n\n\n\n\n\n  ● WhatsApp webhook security (production) › GET verification rejects when token mismatches (even from allowed IP)\n\n\n\n\n\n  ● WhatsApp webhook security (production) › GET verification is blocked by IP whitelist when enabled\n\n\n\n\n\n  ● WhatsApp webhook security (production) › POST accepts valid signature computed over raw JSON body (whitespace tolerant)\n\n\n\n\n\n  ● WhatsApp webhook security (production) › POST rejects invalid signature in production\n\n\n\n\n\n  ● WhatsApp webhook security (production) › POST rejects missing signature in production\n\n\n\n\n\n  ● WhatsApp webhook security (production) › POST rejects when WHATSAPP_APP_SECRET is missing in production\n\n\n\n\n","name":"D:\\projects\\Investo\\backend\\src\\tests\\unit\\webhook.routes.security.test.ts","startTime":1778256968725,"status":"failed","summary":""}],"wasInterrupted":false}
